<?xml version="1.0" encoding="UTF-8"?>
<testng-results skipped="0" failed="0" ignored="0" total="1" passed="1">
  <reporter-output>
  </reporter-output>
  <suite name="Default suite" duration-ms="8070" started-at="2022-05-16T05:43:29Z" finished-at="2022-05-16T05:43:37Z">
    <groups>
    </groups>
    <test name="Default test" duration-ms="8070" started-at="2022-05-16T05:43:29Z" finished-at="2022-05-16T05:43:37Z">
      <class name="com.resonance.RegressionTests">
        <test-method status="PASS" signature="verifyTitleOfHomePage()[pri:0, instance:com.resonance.RegressionTests@479d31f3]" name="verifyTitleOfHomePage" duration-ms="8015" started-at="2022-05-16T11:13:29Z" finished-at="2022-05-16T11:13:37Z">
          <reporter-output>
          </reporter-output>
        </test-method> <!-- verifyTitleOfHomePage -->
      </class> <!-- com.resonance.RegressionTests -->
    </test> <!-- Default test -->
  </suite> <!-- Default suite -->
</testng-results>
