<?xml version="1.0" encoding="UTF-8"?>
<!-- Generated by org.testng.reporters.JUnitXMLReporter -->
<testsuite hostname="LAPTOP-C3E1HSB0" ignored="1" name="Default test" tests="1" failures="0" timestamp="2022-05-18T17:46:35 IST" time="18.762" errors="0">
  <testcase name="verifyConfirmationAlertIsOpened" time="2.361" classname="com.tests.RegressionTests"/>
  <testcase name="verifyTitleOfHomePage" time="0.0" classname="com.tests.RegressionTests">
    <ignored/>
  </testcase> <!-- verifyTitleOfHomePage -->
</testsuite> <!-- Default test -->
