<?xml version="1.0" encoding="UTF-8"?>
<testng-results skipped="0" failed="0" ignored="1" total="2" passed="1">
  <reporter-output>
  </reporter-output>
  <suite name="Default suite" duration-ms="18762" started-at="2022-05-18T17:46:17 IST" finished-at="2022-05-18T17:46:35 IST">
    <groups>
    </groups>
    <test name="Default test" duration-ms="18762" started-at="2022-05-18T17:46:17 IST" finished-at="2022-05-18T17:46:35 IST">
      <class name="com.tests.RegressionTests">
        <test-method status="PASS" signature="setUp()[pri:0, instance:com.tests.RegressionTests@cb0ed20]" name="setUp" is-config="true" duration-ms="16327" started-at="2022-05-18T17:46:17 IST" finished-at="2022-05-18T17:46:33 IST">
          <reporter-output>
          </reporter-output>
        </test-method> <!-- setUp -->
        <test-method status="PASS" signature="verifyConfirmationAlertIsOpened()[pri:0, instance:com.tests.RegressionTests@cb0ed20]" name="verifyConfirmationAlertIsOpened" duration-ms="2361" started-at="2022-05-18T17:46:33 IST" finished-at="2022-05-18T17:46:35 IST">
          <reporter-output>
          </reporter-output>
        </test-method> <!-- verifyConfirmationAlertIsOpened -->
      </class> <!-- com.tests.RegressionTests -->
    </test> <!-- Default test -->
  </suite> <!-- Default suite -->
</testng-results>
